<?xml version="1.0" encoding="UTF-8"?>
<testsuite xmlns:xsi="http://www.w3.org/2001/XMLSchema-instance" xsi:noNamespaceSchemaLocation="https://maven.apache.org/surefire/maven-surefire-plugin/xsd/surefire-test-report-3.0.xsd" version="3.0" name="functions.HelloHttpTest(sponge_log)" time="0.398" tests="1" errors="1" skipped="0" failures="0">
  <properties>
    <property name="gopherProxySet" value="false"/>
    <property name="awt.toolkit" value="sun.lwawt.macosx.LWCToolkit"/>
    <property name="java.specification.version" value="11"/>
    <property name="sun.cpu.isalist" value=""/>
    <property name="sun.jnu.encoding" value="UTF-8"/>
    <property name="java.class.path" value="/Users/anuradhabajpai/projects/quota-monitoring-solution/target/test-classes:/Users/anuradhabajpai/projects/quota-monitoring-solution/target/classes:/Users/anuradhabajpai/.m2/repository/com/google/cloud/functions/functions-framework-api/1.0.3/functions-framework-api-1.0.3.jar:/Users/anuradhabajpai/.m2/repository/io/cloudevents/cloudevents-api/2.0.0-milestone4/cloudevents-api-2.0.0-milestone4.jar:/Users/anuradhabajpai/.m2/repository/com/google/cloud/google-cloud-compute/0.119.3-alpha/google-cloud-compute-0.119.3-alpha.jar:/Users/anuradhabajpai/.m2/repository/com/google/api/api-common/1.10.1/api-common-1.10.1.jar:/Users/anuradhabajpai/.m2/repository/javax/annotation/javax.annotation-api/1.3.2/javax.annotation-api-1.3.2.jar:/Users/anuradhabajpai/.m2/repository/com/google/auto/value/auto-value-annotations/1.7.4/auto-value-annotations-1.7.4.jar:/Users/anuradhabajpai/.m2/repository/com/google/cloud/google-cloud-core-http/1.94.0/google-cloud-core-http-1.94.0.jar:/Users/anuradhabajpai/.m2/repository/com/google/api-client/google-api-client/1.31.1/google-api-client-1.31.1.jar:/Users/anuradhabajpai/.m2/repository/com/google/oauth-client/google-oauth-client/1.31.2/google-oauth-client-1.31.2.jar:/Users/anuradhabajpai/.m2/repository/com/google/http-client/google-http-client-apache-v2/1.38.1/google-http-client-apache-v2-1.38.1.jar:/Users/anuradhabajpai/.m2/repository/com/google/http-client/google-http-client-appengine/1.38.1/google-http-client-appengine-1.38.1.jar:/Users/anuradhabajpai/.m2/repository/io/opencensus/opencensus-api/0.24.0/opencensus-api-0.24.0.jar:/Users/anuradhabajpai/.m2/repository/io/grpc/grpc-context/1.35.0/grpc-context-1.35.0.jar:/Users/anuradhabajpai/.m2/repository/io/opencensus/opencensus-contrib-http-util/0.24.0/opencensus-contrib-http-util-0.24.0.jar:/Users/anuradhabajpai/.m2/repository/com/google/apis/google-api-services-compute/v1-rev20201007-1.30.10/google-api-services-compute-v1-rev20201007-1.30.10.jar:/Users/anuradhabajpai/.m2/repository/com/google/guava/guava/30.1-android/guava-30.1-android.jar:/Users/anuradhabajpai/.m2/repository/com/google/guava/failureaccess/1.0.1/failureaccess-1.0.1.jar:/Users/anuradhabajpai/.m2/repository/com/google/guava/listenablefuture/9999.0-empty-to-avoid-conflict-with-guava/listenablefuture-9999.0-empty-to-avoid-conflict-with-guava.jar:/Users/anuradhabajpai/.m2/repository/org/checkerframework/checker-compat-qual/2.5.5/checker-compat-qual-2.5.5.jar:/Users/anuradhabajpai/.m2/repository/com/google/errorprone/error_prone_annotations/2.4.0/error_prone_annotations-2.4.0.jar:/Users/anuradhabajpai/.m2/repository/com/google/j2objc/j2objc-annotations/1.3/j2objc-annotations-1.3.jar:/Users/anuradhabajpai/.m2/repository/com/google/api/gax/1.60.1/gax-1.60.1.jar:/Users/anuradhabajpai/.m2/repository/com/google/code/findbugs/jsr305/3.0.2/jsr305-3.0.2.jar:/Users/anuradhabajpai/.m2/repository/com/google/cloud/google-cloud-core/1.94.0/google-cloud-core-1.94.0.jar:/Users/anuradhabajpai/.m2/repository/com/google/protobuf/protobuf-java-util/3.14.0/protobuf-java-util-3.14.0.jar:/Users/anuradhabajpai/.m2/repository/com/google/api/grpc/proto-google-common-protos/2.0.1/proto-google-common-protos-2.0.1.jar:/Users/anuradhabajpai/.m2/repository/com/google/api/grpc/proto-google-iam-v1/1.0.7/proto-google-iam-v1-1.0.7.jar:/Users/anuradhabajpai/.m2/repository/com/google/protobuf/protobuf-java/3.14.0/protobuf-java-3.14.0.jar:/Users/anuradhabajpai/.m2/repository/com/google/api/gax-httpjson/0.77.1/gax-httpjson-0.77.1.jar:/Users/anuradhabajpai/.m2/repository/com/google/auth/google-auth-library-credentials/0.22.2/google-auth-library-credentials-0.22.2.jar:/Users/anuradhabajpai/.m2/repository/com/google/http-client/google-http-client-jackson2/1.38.1/google-http-client-jackson2-1.38.1.jar:/Users/anuradhabajpai/.m2/repository/com/fasterxml/jackson/core/jackson-core/2.12.0/jackson-core-2.12.0.jar:/Users/anuradhabajpai/.m2/repository/com/google/http-client/google-http-client/1.38.1/google-http-client-1.38.1.jar:/Users/anuradhabajpai/.m2/repository/commons-logging/commons-logging/1.2/commons-logging-1.2.jar:/Users/anuradhabajpai/.m2/repository/commons-codec/commons-codec/1.11/commons-codec-1.11.jar:/Users/anuradhabajpai/.m2/repository/org/apache/httpcomponents/httpcore/4.4.13/httpcore-4.4.13.jar:/Users/anuradhabajpai/.m2/repository/com/google/cloud/google-cloud-resourcemanager/0.118.7-alpha/google-cloud-resourcemanager-0.118.7-alpha.jar:/Users/anuradhabajpai/.m2/repository/com/google/apis/google-api-services-cloudresourcemanager/v1-rev20201207-1.31.0/google-api-services-cloudresourcemanager-v1-rev20201207-1.31.0.jar:/Users/anuradhabajpai/.m2/repository/com/google/auth/google-auth-library-oauth2-http/0.17.1/google-auth-library-oauth2-http-0.17.1.jar:/Users/anuradhabajpai/.m2/repository/com/google/cloud/google-cloud-pubsub/1.110.3/google-cloud-pubsub-1.110.3.jar:/Users/anuradhabajpai/.m2/repository/io/grpc/grpc-api/1.35.0/grpc-api-1.35.0.jar:/Users/anuradhabajpai/.m2/repository/org/codehaus/mojo/animal-sniffer-annotations/1.19/animal-sniffer-annotations-1.19.jar:/Users/anuradhabajpai/.m2/repository/io/grpc/grpc-stub/1.35.0/grpc-stub-1.35.0.jar:/Users/anuradhabajpai/.m2/repository/io/grpc/grpc-protobuf/1.35.0/grpc-protobuf-1.35.0.jar:/Users/anuradhabajpai/.m2/repository/io/grpc/grpc-protobuf-lite/1.35.0/grpc-protobuf-lite-1.35.0.jar:/Users/anuradhabajpai/.m2/repository/com/google/api/gax-grpc/1.60.1/gax-grpc-1.60.1.jar:/Users/anuradhabajpai/.m2/repository/io/grpc/grpc-auth/1.35.0/grpc-auth-1.35.0.jar:/Users/anuradhabajpai/.m2/repository/io/grpc/grpc-netty-shaded/1.35.0/grpc-netty-shaded-1.35.0.jar:/Users/anuradhabajpai/.m2/repository/io/grpc/grpc-alts/1.35.0/grpc-alts-1.35.0.jar:/Users/anuradhabajpai/.m2/repository/io/grpc/grpc-grpclb/1.35.0/grpc-grpclb-1.35.0.jar:/Users/anuradhabajpai/.m2/repository/org/apache/commons/commons-lang3/3.5/commons-lang3-3.5.jar:/Users/anuradhabajpai/.m2/repository/org/conscrypt/conscrypt-openjdk-uber/2.5.1/conscrypt-openjdk-uber-2.5.1.jar:/Users/anuradhabajpai/.m2/repository/io/grpc/grpc-core/1.35.0/grpc-core-1.35.0.jar:/Users/anuradhabajpai/.m2/repository/com/google/android/annotations/4.1.1.4/annotations-4.1.1.4.jar:/Users/anuradhabajpai/.m2/repository/io/perfmark/perfmark-api/0.19.0/perfmark-api-0.19.0.jar:/Users/anuradhabajpai/.m2/repository/org/threeten/threetenbp/1.2/threetenbp-1.2.jar:/Users/anuradhabajpai/.m2/repository/com/google/truth/truth/1.1/truth-1.1.jar:/Users/anuradhabajpai/.m2/repository/org/checkerframework/checker-qual/3.7.0/checker-qual-3.7.0.jar:/Users/anuradhabajpai/.m2/repository/junit/junit/4.13.1/junit-4.13.1.jar:/Users/anuradhabajpai/.m2/repository/org/hamcrest/hamcrest-core/1.3/hamcrest-core-1.3.jar:/Users/anuradhabajpai/.m2/repository/org/ow2/asm/asm/9.0/asm-9.0.jar:/Users/anuradhabajpai/.m2/repository/com/google/guava/guava-testlib/30.1-jre/guava-testlib-30.1-jre.jar:/Users/anuradhabajpai/.m2/repository/org/mockito/mockito-all/1.9.5/mockito-all-1.9.5.jar:/Users/anuradhabajpai/.m2/repository/com/google/cloud/google-cloud-logging/2.1.2/google-cloud-logging-2.1.2.jar:/Users/anuradhabajpai/.m2/repository/com/google/api/grpc/proto-google-cloud-logging-v2/0.86.2/proto-google-cloud-logging-v2-0.86.2.jar:/Users/anuradhabajpai/.m2/repository/com/google/cloud/google-cloud-core-grpc/1.94.0/google-cloud-core-grpc-1.94.0.jar:/Users/anuradhabajpai/.m2/repository/com/google/code/gson/gson/2.8.6/gson-2.8.6.jar:/Users/anuradhabajpai/.m2/repository/org/apache/httpcomponents/httpclient/4.5.13/httpclient-4.5.13.jar:/Users/anuradhabajpai/.m2/repository/io/github/resilience4j/resilience4j-core/1.6.1/resilience4j-core-1.6.1.jar:/Users/anuradhabajpai/.m2/repository/io/vavr/vavr/0.10.2/vavr-0.10.2.jar:/Users/anuradhabajpai/.m2/repository/io/vavr/vavr-match/0.10.2/vavr-match-0.10.2.jar:/Users/anuradhabajpai/.m2/repository/org/slf4j/slf4j-api/1.7.30/slf4j-api-1.7.30.jar:/Users/anuradhabajpai/.m2/repository/io/github/resilience4j/resilience4j-retry/1.6.1/resilience4j-retry-1.6.1.jar:/Users/anuradhabajpai/.m2/repository/com/google/cloud/functions/function-maven-plugin/0.9.6/function-maven-plugin-0.9.6.jar:/Users/anuradhabajpai/.m2/repository/org/apache/maven/maven-plugin-api/3.6.3/maven-plugin-api-3.6.3.jar:/Users/anuradhabajpai/.m2/repository/org/apache/maven/maven-model/3.6.3/maven-model-3.6.3.jar:/Users/anuradhabajpai/.m2/repository/org/apache/maven/maven-artifact/3.6.3/maven-artifact-3.6.3.jar:/Users/anuradhabajpai/.m2/repository/org/eclipse/sisu/org.eclipse.sisu.plexus/0.3.4/org.eclipse.sisu.plexus-0.3.4.jar:/Users/anuradhabajpai/.m2/repository/javax/enterprise/cdi-api/1.0/cdi-api-1.0.jar:/Users/anuradhabajpai/.m2/repository/javax/annotation/jsr250-api/1.0/jsr250-api-1.0.jar:/Users/anuradhabajpai/.m2/repository/org/codehaus/plexus/plexus-utils/3.2.1/plexus-utils-3.2.1.jar:/Users/anuradhabajpai/.m2/repository/org/codehaus/plexus/plexus-classworlds/2.6.0/plexus-classworlds-2.6.0.jar:/Users/anuradhabajpai/.m2/repository/org/apache/maven/maven-core/3.6.3/maven-core-3.6.3.jar:/Users/anuradhabajpai/.m2/repository/org/apache/maven/maven-settings/3.6.3/maven-settings-3.6.3.jar:/Users/anuradhabajpai/.m2/repository/org/apache/maven/maven-settings-builder/3.6.3/maven-settings-builder-3.6.3.jar:/Users/anuradhabajpai/.m2/repository/org/codehaus/plexus/plexus-interpolation/1.25/plexus-interpolation-1.25.jar:/Users/anuradhabajpai/.m2/repository/org/sonatype/plexus/plexus-sec-dispatcher/1.4/plexus-sec-dispatcher-1.4.jar:/Users/anuradhabajpai/.m2/repository/org/sonatype/plexus/plexus-cipher/1.4/plexus-cipher-1.4.jar:/Users/anuradhabajpai/.m2/repository/org/apache/maven/maven-builder-support/3.6.3/maven-builder-support-3.6.3.jar:/Users/anuradhabajpai/.m2/repository/org/apache/maven/maven-repository-metadata/3.6.3/maven-repository-metadata-3.6.3.jar:/Users/anuradhabajpai/.m2/repository/org/apache/maven/maven-model-builder/3.6.3/maven-model-builder-3.6.3.jar:/Users/anuradhabajpai/.m2/repository/org/apache/maven/maven-resolver-provider/3.6.3/maven-resolver-provider-3.6.3.jar:/Users/anuradhabajpai/.m2/repository/org/apache/maven/resolver/maven-resolver-impl/1.4.1/maven-resolver-impl-1.4.1.jar:/Users/anuradhabajpai/.m2/repository/org/apache/maven/resolver/maven-resolver-api/1.4.1/maven-resolver-api-1.4.1.jar:/Users/anuradhabajpai/.m2/repository/org/apache/maven/resolver/maven-resolver-spi/1.4.1/maven-resolver-spi-1.4.1.jar:/Users/anuradhabajpai/.m2/repository/org/apache/maven/resolver/maven-resolver-util/1.4.1/maven-resolver-util-1.4.1.jar:/Users/anuradhabajpai/.m2/repository/org/apache/maven/shared/maven-shared-utils/3.2.1/maven-shared-utils-3.2.1.jar:/Users/anuradhabajpai/.m2/repository/org/eclipse/sisu/org.eclipse.sisu.inject/0.3.4/org.eclipse.sisu.inject-0.3.4.jar:/Users/anuradhabajpai/.m2/repository/com/google/inject/guice/4.2.1/guice-4.2.1-no_aop.jar:/Users/anuradhabajpai/.m2/repository/aopalliance/aopalliance/1.0/aopalliance-1.0.jar:/Users/anuradhabajpai/.m2/repository/javax/inject/javax.inject/1/javax.inject-1.jar:/Users/anuradhabajpai/.m2/repository/org/codehaus/plexus/plexus-component-annotations/2.1.0/plexus-component-annotations-2.1.0.jar:/Users/anuradhabajpai/.m2/repository/com/google/cloud/functions/invoker/java-function-invoker/1.0.1/java-function-invoker-1.0.1.jar:/Users/anuradhabajpai/.m2/repository/com/google/cloud/tools/appengine-maven-plugin/2.2.0/appengine-maven-plugin-2.2.0.jar:/Users/anuradhabajpai/.m2/repository/com/google/cloud/tools/appengine-plugins-core/0.8.1/appengine-plugins-core-0.8.1.jar:/Users/anuradhabajpai/.m2/repository/org/yaml/snakeyaml/1.21/snakeyaml-1.21.jar:/Users/anuradhabajpai/.m2/repository/org/glassfish/javax.json/1.0.4/javax.json-1.0.4.jar:/Users/anuradhabajpai/.m2/repository/org/apache/commons/commons-compress/1.19/commons-compress-1.19.jar:/Users/anuradhabajpai/.m2/repository/commons-io/commons-io/2.5/commons-io-2.5.jar:/Users/anuradhabajpai/.m2/repository/com/google/api/grpc/proto-google-cloud-pubsub-v1/1.92.3/proto-google-cloud-pubsub-v1-1.92.3.jar:/Users/anuradhabajpai/.m2/repository/com/github/spotbugs/spotbugs-annotations/4.1.3/spotbugs-annotations-4.1.3.jar:"/>
    <property name="java.vm.vendor" value="Oracle Corporation"/>
    <property name="sun.arch.data.model" value="64"/>
    <property name="java.vendor.url" value="http://java.oracle.com/"/>
    <property name="user.timezone" value=""/>
    <property name="java.vm.specification.version" value="11"/>
    <property name="os.name" value="Mac OS X"/>
    <property name="sun.java.launcher" value="SUN_STANDARD"/>
    <property name="user.country" value="US"/>
    <property name="sun.boot.library.path" value="/Library/Java/JavaVirtualMachines/jdk-11.0.4.jdk/Contents/Home/lib"/>
    <property name="sun.java.command" value="/Users/anuradhabajpai/projects/quota-monitoring-solution/target/surefire/surefirebooter1723974094987859611.jar /Users/anuradhabajpai/projects/quota-monitoring-solution/target/surefire 2021-02-06T12-34-46_432-jvmRun1 surefire14085583153559339760tmp surefire_03741098895677911047tmp"/>
    <property name="http.nonProxyHosts" value="local|*.local|169.254/16|*.169.254/16"/>
    <property name="jdk.debug" value="release"/>
    <property name="surefire.test.class.path" value="/Users/anuradhabajpai/projects/quota-monitoring-solution/target/test-classes:/Users/anuradhabajpai/projects/quota-monitoring-solution/target/classes:/Users/anuradhabajpai/.m2/repository/com/google/cloud/functions/functions-framework-api/1.0.3/functions-framework-api-1.0.3.jar:/Users/anuradhabajpai/.m2/repository/io/cloudevents/cloudevents-api/2.0.0-milestone4/cloudevents-api-2.0.0-milestone4.jar:/Users/anuradhabajpai/.m2/repository/com/google/cloud/google-cloud-compute/0.119.3-alpha/google-cloud-compute-0.119.3-alpha.jar:/Users/anuradhabajpai/.m2/repository/com/google/api/api-common/1.10.1/api-common-1.10.1.jar:/Users/anuradhabajpai/.m2/repository/javax/annotation/javax.annotation-api/1.3.2/javax.annotation-api-1.3.2.jar:/Users/anuradhabajpai/.m2/repository/com/google/auto/value/auto-value-annotations/1.7.4/auto-value-annotations-1.7.4.jar:/Users/anuradhabajpai/.m2/repository/com/google/cloud/google-cloud-core-http/1.94.0/google-cloud-core-http-1.94.0.jar:/Users/anuradhabajpai/.m2/repository/com/google/api-client/google-api-client/1.31.1/google-api-client-1.31.1.jar:/Users/anuradhabajpai/.m2/repository/com/google/oauth-client/google-oauth-client/1.31.2/google-oauth-client-1.31.2.jar:/Users/anuradhabajpai/.m2/repository/com/google/http-client/google-http-client-apache-v2/1.38.1/google-http-client-apache-v2-1.38.1.jar:/Users/anuradhabajpai/.m2/repository/com/google/http-client/google-http-client-appengine/1.38.1/google-http-client-appengine-1.38.1.jar:/Users/anuradhabajpai/.m2/repository/io/opencensus/opencensus-api/0.24.0/opencensus-api-0.24.0.jar:/Users/anuradhabajpai/.m2/repository/io/grpc/grpc-context/1.35.0/grpc-context-1.35.0.jar:/Users/anuradhabajpai/.m2/repository/io/opencensus/opencensus-contrib-http-util/0.24.0/opencensus-contrib-http-util-0.24.0.jar:/Users/anuradhabajpai/.m2/repository/com/google/apis/google-api-services-compute/v1-rev20201007-1.30.10/google-api-services-compute-v1-rev20201007-1.30.10.jar:/Users/anuradhabajpai/.m2/repository/com/google/guava/guava/30.1-android/guava-30.1-android.jar:/Users/anuradhabajpai/.m2/repository/com/google/guava/failureaccess/1.0.1/failureaccess-1.0.1.jar:/Users/anuradhabajpai/.m2/repository/com/google/guava/listenablefuture/9999.0-empty-to-avoid-conflict-with-guava/listenablefuture-9999.0-empty-to-avoid-conflict-with-guava.jar:/Users/anuradhabajpai/.m2/repository/org/checkerframework/checker-compat-qual/2.5.5/checker-compat-qual-2.5.5.jar:/Users/anuradhabajpai/.m2/repository/com/google/errorprone/error_prone_annotations/2.4.0/error_prone_annotations-2.4.0.jar:/Users/anuradhabajpai/.m2/repository/com/google/j2objc/j2objc-annotations/1.3/j2objc-annotations-1.3.jar:/Users/anuradhabajpai/.m2/repository/com/google/api/gax/1.60.1/gax-1.60.1.jar:/Users/anuradhabajpai/.m2/repository/com/google/code/findbugs/jsr305/3.0.2/jsr305-3.0.2.jar:/Users/anuradhabajpai/.m2/repository/com/google/cloud/google-cloud-core/1.94.0/google-cloud-core-1.94.0.jar:/Users/anuradhabajpai/.m2/repository/com/google/protobuf/protobuf-java-util/3.14.0/protobuf-java-util-3.14.0.jar:/Users/anuradhabajpai/.m2/repository/com/google/api/grpc/proto-google-common-protos/2.0.1/proto-google-common-protos-2.0.1.jar:/Users/anuradhabajpai/.m2/repository/com/google/api/grpc/proto-google-iam-v1/1.0.7/proto-google-iam-v1-1.0.7.jar:/Users/anuradhabajpai/.m2/repository/com/google/protobuf/protobuf-java/3.14.0/protobuf-java-3.14.0.jar:/Users/anuradhabajpai/.m2/repository/com/google/api/gax-httpjson/0.77.1/gax-httpjson-0.77.1.jar:/Users/anuradhabajpai/.m2/repository/com/google/auth/google-auth-library-credentials/0.22.2/google-auth-library-credentials-0.22.2.jar:/Users/anuradhabajpai/.m2/repository/com/google/http-client/google-http-client-jackson2/1.38.1/google-http-client-jackson2-1.38.1.jar:/Users/anuradhabajpai/.m2/repository/com/fasterxml/jackson/core/jackson-core/2.12.0/jackson-core-2.12.0.jar:/Users/anuradhabajpai/.m2/repository/com/google/http-client/google-http-client/1.38.1/google-http-client-1.38.1.jar:/Users/anuradhabajpai/.m2/repository/commons-logging/commons-logging/1.2/commons-logging-1.2.jar:/Users/anuradhabajpai/.m2/repository/commons-codec/commons-codec/1.11/commons-codec-1.11.jar:/Users/anuradhabajpai/.m2/repository/org/apache/httpcomponents/httpcore/4.4.13/httpcore-4.4.13.jar:/Users/anuradhabajpai/.m2/repository/com/google/cloud/google-cloud-resourcemanager/0.118.7-alpha/google-cloud-resourcemanager-0.118.7-alpha.jar:/Users/anuradhabajpai/.m2/repository/com/google/apis/google-api-services-cloudresourcemanager/v1-rev20201207-1.31.0/google-api-services-cloudresourcemanager-v1-rev20201207-1.31.0.jar:/Users/anuradhabajpai/.m2/repository/com/google/auth/google-auth-library-oauth2-http/0.17.1/google-auth-library-oauth2-http-0.17.1.jar:/Users/anuradhabajpai/.m2/repository/com/google/cloud/google-cloud-pubsub/1.110.3/google-cloud-pubsub-1.110.3.jar:/Users/anuradhabajpai/.m2/repository/io/grpc/grpc-api/1.35.0/grpc-api-1.35.0.jar:/Users/anuradhabajpai/.m2/repository/org/codehaus/mojo/animal-sniffer-annotations/1.19/animal-sniffer-annotations-1.19.jar:/Users/anuradhabajpai/.m2/repository/io/grpc/grpc-stub/1.35.0/grpc-stub-1.35.0.jar:/Users/anuradhabajpai/.m2/repository/io/grpc/grpc-protobuf/1.35.0/grpc-protobuf-1.35.0.jar:/Users/anuradhabajpai/.m2/repository/io/grpc/grpc-protobuf-lite/1.35.0/grpc-protobuf-lite-1.35.0.jar:/Users/anuradhabajpai/.m2/repository/com/google/api/gax-grpc/1.60.1/gax-grpc-1.60.1.jar:/Users/anuradhabajpai/.m2/repository/io/grpc/grpc-auth/1.35.0/grpc-auth-1.35.0.jar:/Users/anuradhabajpai/.m2/repository/io/grpc/grpc-netty-shaded/1.35.0/grpc-netty-shaded-1.35.0.jar:/Users/anuradhabajpai/.m2/repository/io/grpc/grpc-alts/1.35.0/grpc-alts-1.35.0.jar:/Users/anuradhabajpai/.m2/repository/io/grpc/grpc-grpclb/1.35.0/grpc-grpclb-1.35.0.jar:/Users/anuradhabajpai/.m2/repository/org/apache/commons/commons-lang3/3.5/commons-lang3-3.5.jar:/Users/anuradhabajpai/.m2/repository/org/conscrypt/conscrypt-openjdk-uber/2.5.1/conscrypt-openjdk-uber-2.5.1.jar:/Users/anuradhabajpai/.m2/repository/io/grpc/grpc-core/1.35.0/grpc-core-1.35.0.jar:/Users/anuradhabajpai/.m2/repository/com/google/android/annotations/4.1.1.4/annotations-4.1.1.4.jar:/Users/anuradhabajpai/.m2/repository/io/perfmark/perfmark-api/0.19.0/perfmark-api-0.19.0.jar:/Users/anuradhabajpai/.m2/repository/org/threeten/threetenbp/1.2/threetenbp-1.2.jar:/Users/anuradhabajpai/.m2/repository/com/google/truth/truth/1.1/truth-1.1.jar:/Users/anuradhabajpai/.m2/repository/org/checkerframework/checker-qual/3.7.0/checker-qual-3.7.0.jar:/Users/anuradhabajpai/.m2/repository/junit/junit/4.13.1/junit-4.13.1.jar:/Users/anuradhabajpai/.m2/repository/org/hamcrest/hamcrest-core/1.3/hamcrest-core-1.3.jar:/Users/anuradhabajpai/.m2/repository/org/ow2/asm/asm/9.0/asm-9.0.jar:/Users/anuradhabajpai/.m2/repository/com/google/guava/guava-testlib/30.1-jre/guava-testlib-30.1-jre.jar:/Users/anuradhabajpai/.m2/repository/org/mockito/mockito-all/1.9.5/mockito-all-1.9.5.jar:/Users/anuradhabajpai/.m2/repository/com/google/cloud/google-cloud-logging/2.1.2/google-cloud-logging-2.1.2.jar:/Users/anuradhabajpai/.m2/repository/com/google/api/grpc/proto-google-cloud-logging-v2/0.86.2/proto-google-cloud-logging-v2-0.86.2.jar:/Users/anuradhabajpai/.m2/repository/com/google/cloud/google-cloud-core-grpc/1.94.0/google-cloud-core-grpc-1.94.0.jar:/Users/anuradhabajpai/.m2/repository/com/google/code/gson/gson/2.8.6/gson-2.8.6.jar:/Users/anuradhabajpai/.m2/repository/org/apache/httpcomponents/httpclient/4.5.13/httpclient-4.5.13.jar:/Users/anuradhabajpai/.m2/repository/io/github/resilience4j/resilience4j-core/1.6.1/resilience4j-core-1.6.1.jar:/Users/anuradhabajpai/.m2/repository/io/vavr/vavr/0.10.2/vavr-0.10.2.jar:/Users/anuradhabajpai/.m2/repository/io/vavr/vavr-match/0.10.2/vavr-match-0.10.2.jar:/Users/anuradhabajpai/.m2/repository/org/slf4j/slf4j-api/1.7.30/slf4j-api-1.7.30.jar:/Users/anuradhabajpai/.m2/repository/io/github/resilience4j/resilience4j-retry/1.6.1/resilience4j-retry-1.6.1.jar:/Users/anuradhabajpai/.m2/repository/com/google/cloud/functions/function-maven-plugin/0.9.6/function-maven-plugin-0.9.6.jar:/Users/anuradhabajpai/.m2/repository/org/apache/maven/maven-plugin-api/3.6.3/maven-plugin-api-3.6.3.jar:/Users/anuradhabajpai/.m2/repository/org/apache/maven/maven-model/3.6.3/maven-model-3.6.3.jar:/Users/anuradhabajpai/.m2/repository/org/apache/maven/maven-artifact/3.6.3/maven-artifact-3.6.3.jar:/Users/anuradhabajpai/.m2/repository/org/eclipse/sisu/org.eclipse.sisu.plexus/0.3.4/org.eclipse.sisu.plexus-0.3.4.jar:/Users/anuradhabajpai/.m2/repository/javax/enterprise/cdi-api/1.0/cdi-api-1.0.jar:/Users/anuradhabajpai/.m2/repository/javax/annotation/jsr250-api/1.0/jsr250-api-1.0.jar:/Users/anuradhabajpai/.m2/repository/org/codehaus/plexus/plexus-utils/3.2.1/plexus-utils-3.2.1.jar:/Users/anuradhabajpai/.m2/repository/org/codehaus/plexus/plexus-classworlds/2.6.0/plexus-classworlds-2.6.0.jar:/Users/anuradhabajpai/.m2/repository/org/apache/maven/maven-core/3.6.3/maven-core-3.6.3.jar:/Users/anuradhabajpai/.m2/repository/org/apache/maven/maven-settings/3.6.3/maven-settings-3.6.3.jar:/Users/anuradhabajpai/.m2/repository/org/apache/maven/maven-settings-builder/3.6.3/maven-settings-builder-3.6.3.jar:/Users/anuradhabajpai/.m2/repository/org/codehaus/plexus/plexus-interpolation/1.25/plexus-interpolation-1.25.jar:/Users/anuradhabajpai/.m2/repository/org/sonatype/plexus/plexus-sec-dispatcher/1.4/plexus-sec-dispatcher-1.4.jar:/Users/anuradhabajpai/.m2/repository/org/sonatype/plexus/plexus-cipher/1.4/plexus-cipher-1.4.jar:/Users/anuradhabajpai/.m2/repository/org/apache/maven/maven-builder-support/3.6.3/maven-builder-support-3.6.3.jar:/Users/anuradhabajpai/.m2/repository/org/apache/maven/maven-repository-metadata/3.6.3/maven-repository-metadata-3.6.3.jar:/Users/anuradhabajpai/.m2/repository/org/apache/maven/maven-model-builder/3.6.3/maven-model-builder-3.6.3.jar:/Users/anuradhabajpai/.m2/repository/org/apache/maven/maven-resolver-provider/3.6.3/maven-resolver-provider-3.6.3.jar:/Users/anuradhabajpai/.m2/repository/org/apache/maven/resolver/maven-resolver-impl/1.4.1/maven-resolver-impl-1.4.1.jar:/Users/anuradhabajpai/.m2/repository/org/apache/maven/resolver/maven-resolver-api/1.4.1/maven-resolver-api-1.4.1.jar:/Users/anuradhabajpai/.m2/repository/org/apache/maven/resolver/maven-resolver-spi/1.4.1/maven-resolver-spi-1.4.1.jar:/Users/anuradhabajpai/.m2/repository/org/apache/maven/resolver/maven-resolver-util/1.4.1/maven-resolver-util-1.4.1.jar:/Users/anuradhabajpai/.m2/repository/org/apache/maven/shared/maven-shared-utils/3.2.1/maven-shared-utils-3.2.1.jar:/Users/anuradhabajpai/.m2/repository/org/eclipse/sisu/org.eclipse.sisu.inject/0.3.4/org.eclipse.sisu.inject-0.3.4.jar:/Users/anuradhabajpai/.m2/repository/com/google/inject/guice/4.2.1/guice-4.2.1-no_aop.jar:/Users/anuradhabajpai/.m2/repository/aopalliance/aopalliance/1.0/aopalliance-1.0.jar:/Users/anuradhabajpai/.m2/repository/javax/inject/javax.inject/1/javax.inject-1.jar:/Users/anuradhabajpai/.m2/repository/org/codehaus/plexus/plexus-component-annotations/2.1.0/plexus-component-annotations-2.1.0.jar:/Users/anuradhabajpai/.m2/repository/com/google/cloud/functions/invoker/java-function-invoker/1.0.1/java-function-invoker-1.0.1.jar:/Users/anuradhabajpai/.m2/repository/com/google/cloud/tools/appengine-maven-plugin/2.2.0/appengine-maven-plugin-2.2.0.jar:/Users/anuradhabajpai/.m2/repository/com/google/cloud/tools/appengine-plugins-core/0.8.1/appengine-plugins-core-0.8.1.jar:/Users/anuradhabajpai/.m2/repository/org/yaml/snakeyaml/1.21/snakeyaml-1.21.jar:/Users/anuradhabajpai/.m2/repository/org/glassfish/javax.json/1.0.4/javax.json-1.0.4.jar:/Users/anuradhabajpai/.m2/repository/org/apache/commons/commons-compress/1.19/commons-compress-1.19.jar:/Users/anuradhabajpai/.m2/repository/commons-io/commons-io/2.5/commons-io-2.5.jar:/Users/anuradhabajpai/.m2/repository/com/google/api/grpc/proto-google-cloud-pubsub-v1/1.92.3/proto-google-cloud-pubsub-v1-1.92.3.jar:/Users/anuradhabajpai/.m2/repository/com/github/spotbugs/spotbugs-annotations/4.1.3/spotbugs-annotations-4.1.3.jar:"/>
    <property name="sun.cpu.endian" value="little"/>
    <property name="user.home" value="/Users/anuradhabajpai"/>
    <property name="user.language" value="en"/>
    <property name="java.specification.vendor" value="Oracle Corporation"/>
    <property name="java.version.date" value="2019-07-16"/>
    <property name="java.home" value="/Library/Java/JavaVirtualMachines/jdk-11.0.4.jdk/Contents/Home"/>
    <property name="file.separator" value="/"/>
    <property name="basedir" value="/Users/anuradhabajpai/projects/quota-monitoring-solution"/>
    <property name="java.vm.compressedOopsMode" value="Zero based"/>
    <property name="line.separator" value="&#10;"/>
    <property name="jba.http.proxy" value="http://127.0.0.2:999"/>
    <property name="java.specification.name" value="Java Platform API Specification"/>
    <property name="java.vm.specification.vendor" value="Oracle Corporation"/>
    <property name="java.awt.graphicsenv" value="sun.awt.CGraphicsEnvironment"/>
    <property name="surefire.real.class.path" value="/Users/anuradhabajpai/projects/quota-monitoring-solution/target/surefire/surefirebooter1723974094987859611.jar"/>
    <property name="sun.management.compiler" value="HotSpot 64-Bit Tiered Compilers"/>
    <property name="ftp.nonProxyHosts" value="local|*.local|169.254/16|*.169.254/16"/>
    <property name="java.runtime.version" value="11.0.4+10-LTS"/>
    <property name="user.name" value="anuradhabajpai"/>
    <property name="path.separator" value=":"/>
    <property name="os.version" value="10.15.7"/>
    <property name="java.runtime.name" value="Java(TM) SE Runtime Environment"/>
    <property name="file.encoding" value="UTF-8"/>
    <property name="java.vm.name" value="Java HotSpot(TM) 64-Bit Server VM"/>
    <property name="java.vendor.version" value="18.9"/>
    <property name="localRepository" value="/Users/anuradhabajpai/.m2/repository"/>
    <property name="java.vendor.url.bug" value="http://bugreport.java.com/bugreport/"/>
    <property name="java.io.tmpdir" value="/var/folders/xg/xcsdqj1j3g94x0xf4dk_2c9w00ndn1/T/"/>
    <property name="java.version" value="11.0.4"/>
    <property name="user.dir" value="/Users/anuradhabajpai/projects/quota-monitoring-solution"/>
    <property name="os.arch" value="x86_64"/>
    <property name="java.vm.specification.name" value="Java Virtual Machine Specification"/>
    <property name="java.awt.printerjob" value="sun.lwawt.macosx.CPrinterJob"/>
    <property name="sun.os.patch.level" value="unknown"/>
    <property name="java.library.path" value="/Users/anuradhabajpai/Library/Java/Extensions:/Library/Java/Extensions:/Network/Library/Java/Extensions:/System/Library/Java/Extensions:/usr/lib/java:."/>
    <property name="java.vendor" value="Oracle Corporation"/>
    <property name="java.vm.info" value="mixed mode"/>
    <property name="java.vm.version" value="11.0.4+10-LTS"/>
    <property name="sun.io.unicode.encoding" value="UnicodeBig"/>
    <property name="java.class.version" value="55.0"/>
    <property name="socksNonProxyHosts" value="local|*.local|169.254/16|*.169.254/16"/>
  </properties>
  <testcase name="helloHttp_noParamsGet" classname="functions.HelloHttpTest(sponge_log)" time="0.29">
    <error type="java.lang.NullPointerException"><![CDATA[java.lang.NullPointerException
	at functions.HelloHttp.service(HelloHttp.java:24)
	at functions.HelloHttpTest.helloHttp_noParamsGet(HelloHttpTest.java:47)
	at java.base/jdk.internal.reflect.NativeMethodAccessorImpl.invoke0(Native Method)
	at java.base/jdk.internal.reflect.NativeMethodAccessorImpl.invoke(NativeMethodAccessorImpl.java:62)
	at java.base/jdk.internal.reflect.DelegatingMethodAccessorImpl.invoke(DelegatingMethodAccessorImpl.java:43)
	at java.base/java.lang.reflect.Method.invoke(Method.java:566)
	at org.junit.runners.model.FrameworkMethod$1.runReflectiveCall(FrameworkMethod.java:59)
	at org.junit.internal.runners.model.ReflectiveCallable.run(ReflectiveCallable.java:12)
	at org.junit.runners.model.FrameworkMethod.invokeExplosively(FrameworkMethod.java:56)
	at org.junit.internal.runners.statements.InvokeMethod.evaluate(InvokeMethod.java:17)
	at org.junit.internal.runners.statements.RunBefores.evaluate(RunBefores.java:26)
	at org.junit.runners.ParentRunner$3.evaluate(ParentRunner.java:306)
	at org.junit.runners.BlockJUnit4ClassRunner$1.evaluate(BlockJUnit4ClassRunner.java:100)
	at org.junit.runners.ParentRunner.runLeaf(ParentRunner.java:366)
	at org.junit.runners.BlockJUnit4ClassRunner.runChild(BlockJUnit4ClassRunner.java:103)
	at org.junit.runners.BlockJUnit4ClassRunner.runChild(BlockJUnit4ClassRunner.java:63)
	at org.junit.runners.ParentRunner$4.run(ParentRunner.java:331)
	at org.junit.runners.ParentRunner$1.schedule(ParentRunner.java:79)
	at org.junit.runners.ParentRunner.runChildren(ParentRunner.java:329)
	at org.junit.runners.ParentRunner.access$100(ParentRunner.java:66)
	at org.junit.runners.ParentRunner$2.evaluate(ParentRunner.java:293)
	at org.junit.runners.ParentRunner$3.evaluate(ParentRunner.java:306)
	at org.junit.runners.ParentRunner.run(ParentRunner.java:413)
	at org.apache.maven.surefire.junit4.JUnit4Provider.execute(JUnit4Provider.java:364)
	at org.apache.maven.surefire.junit4.JUnit4Provider.executeWithRerun(JUnit4Provider.java:272)
	at org.apache.maven.surefire.junit4.JUnit4Provider.executeTestSet(JUnit4Provider.java:237)
	at org.apache.maven.surefire.junit4.JUnit4Provider.invoke(JUnit4Provider.java:158)
	at org.apache.maven.surefire.booter.ForkedBooter.runSuitesInProcess(ForkedBooter.java:428)
	at org.apache.maven.surefire.booter.ForkedBooter.execute(ForkedBooter.java:162)
	at org.apache.maven.surefire.booter.ForkedBooter.run(ForkedBooter.java:562)
	at org.apache.maven.surefire.booter.ForkedBooter.main(ForkedBooter.java:548)
]]></error>
  </testcase>
</testsuite>